<?xml version="1.0" encoding="UTF-8"?>
<!-- Generated by org.testng.reporters.JUnitXMLReporter -->
<testsuite ignored="0" hostname="mika-ThinkPad-X1-Extreme-2nd" failures="0" tests="4" name="Subtract Calculator Test" time="0.002" errors="0" timestamp="2021-10-17T21:51:24 MSK">
  <testcase classname="com.epam.tc.hw1.SubtractCalculatorTest" name="subtractTest" time="0.001"/>
  <testcase classname="com.epam.tc.hw1.SubtractCalculatorTest" name="subtractTest" time="0.0"/>
  <testcase classname="com.epam.tc.hw1.SubtractCalculatorTest" name="subtractTest" time="0.0"/>
  <testcase classname="com.epam.tc.hw1.SubtractCalculatorTest" name="subtractTest" time="0.0"/>
</testsuite> <!-- Subtract Calculator Test -->
