<?xml version="1.0" encoding="UTF-8"?>
<testng-results ignored="0" total="8" passed="8" failed="0" skipped="0">
  <reporter-output>
  </reporter-output>
  <suite started-at="2021-10-17T21:51:24 MSK" name="Sum and Subtract Calculator Test Suite" finished-at="2021-10-17T21:51:24 MSK" duration-ms="83">
    <groups>
    </groups>
    <test started-at="2021-10-17T21:51:24 MSK" name="Sum Calculator Test" finished-at="2021-10-17T21:51:24 MSK" duration-ms="52">
      <class name="com.epam.tc.hw1.SumCalculatorTest">
        <test-method signature="sumTest(int,int,int)[pri:0, instance:com.epam.tc.hw1.SumCalculatorTest@7fe8ea47]" started-at="2021-10-17T21:51:24 MSK" name="sumTest" data-provider="sumDataProvider" finished-at="2021-10-17T21:51:24 MSK" duration-ms="29" status="PASS">
          <params>
            <param index="0">
              <value>
                <![CDATA[23]]>
              </value>
            </param>
            <param index="1">
              <value>
                <![CDATA[2]]>
              </value>
            </param>
            <param index="2">
              <value>
                <![CDATA[25]]>
              </value>
            </param>
          </params>
          <reporter-output>
          </reporter-output>
        </test-method> <!-- sumTest -->
        <test-method signature="sumTest(int,int,int)[pri:0, instance:com.epam.tc.hw1.SumCalculatorTest@7fe8ea47]" started-at="2021-10-17T21:51:24 MSK" name="sumTest" data-provider="sumDataProvider" finished-at="2021-10-17T21:51:24 MSK" duration-ms="1" status="PASS">
          <params>
            <param index="0">
              <value>
                <![CDATA[89]]>
              </value>
            </param>
            <param index="1">
              <value>
                <![CDATA[10]]>
              </value>
            </param>
            <param index="2">
              <value>
                <![CDATA[99]]>
              </value>
            </param>
          </params>
          <reporter-output>
          </reporter-output>
        </test-method> <!-- sumTest -->
        <test-method signature="sumTest(int,int,int)[pri:0, instance:com.epam.tc.hw1.SumCalculatorTest@7fe8ea47]" started-at="2021-10-17T21:51:24 MSK" name="sumTest" data-provider="sumDataProvider" finished-at="2021-10-17T21:51:24 MSK" duration-ms="0" status="PASS">
          <params>
            <param index="0">
              <value>
                <![CDATA[12]]>
              </value>
            </param>
            <param index="1">
              <value>
                <![CDATA[67]]>
              </value>
            </param>
            <param index="2">
              <value>
                <![CDATA[79]]>
              </value>
            </param>
          </params>
          <reporter-output>
          </reporter-output>
        </test-method> <!-- sumTest -->
        <test-method signature="sumTest(int,int,int)[pri:0, instance:com.epam.tc.hw1.SumCalculatorTest@7fe8ea47]" started-at="2021-10-17T21:51:24 MSK" name="sumTest" data-provider="sumDataProvider" finished-at="2021-10-17T21:51:24 MSK" duration-ms="0" status="PASS">
          <params>
            <param index="0">
              <value>
                <![CDATA[12]]>
              </value>
            </param>
            <param index="1">
              <value>
                <![CDATA[90]]>
              </value>
            </param>
            <param index="2">
              <value>
                <![CDATA[102]]>
              </value>
            </param>
          </params>
          <reporter-output>
          </reporter-output>
        </test-method> <!-- sumTest -->
      </class> <!-- com.epam.tc.hw1.SumCalculatorTest -->
    </test> <!-- Sum Calculator Test -->
    <test started-at="2021-10-17T21:51:24 MSK" name="Subtract Calculator Test" finished-at="2021-10-17T21:51:24 MSK" duration-ms="2">
      <class name="com.epam.tc.hw1.SubtractCalculatorTest">
        <test-method signature="subtractTest(int,int,int)[pri:0, instance:com.epam.tc.hw1.SubtractCalculatorTest@3c87521]" started-at="2021-10-17T21:51:24 MSK" name="subtractTest" data-provider="subtractDataProvider" finished-at="2021-10-17T21:51:24 MSK" duration-ms="1" status="PASS">
          <params>
            <param index="0">
              <value>
                <![CDATA[5]]>
              </value>
            </param>
            <param index="1">
              <value>
                <![CDATA[2]]>
              </value>
            </param>
            <param index="2">
              <value>
                <![CDATA[3]]>
              </value>
            </param>
          </params>
          <reporter-output>
          </reporter-output>
        </test-method> <!-- subtractTest -->
        <test-method signature="subtractTest(int,int,int)[pri:0, instance:com.epam.tc.hw1.SubtractCalculatorTest@3c87521]" started-at="2021-10-17T21:51:24 MSK" name="subtractTest" data-provider="subtractDataProvider" finished-at="2021-10-17T21:51:24 MSK" duration-ms="0" status="PASS">
          <params>
            <param index="0">
              <value>
                <![CDATA[27]]>
              </value>
            </param>
            <param index="1">
              <value>
                <![CDATA[9]]>
              </value>
            </param>
            <param index="2">
              <value>
                <![CDATA[18]]>
              </value>
            </param>
          </params>
          <reporter-output>
          </reporter-output>
        </test-method> <!-- subtractTest -->
        <test-method signature="subtractTest(int,int,int)[pri:0, instance:com.epam.tc.hw1.SubtractCalculatorTest@3c87521]" started-at="2021-10-17T21:51:24 MSK" name="subtractTest" data-provider="subtractDataProvider" finished-at="2021-10-17T21:51:24 MSK" duration-ms="0" status="PASS">
          <params>
            <param index="0">
              <value>
                <![CDATA[11]]>
              </value>
            </param>
            <param index="1">
              <value>
                <![CDATA[10]]>
              </value>
            </param>
            <param index="2">
              <value>
                <![CDATA[1]]>
              </value>
            </param>
          </params>
          <reporter-output>
          </reporter-output>
        </test-method> <!-- subtractTest -->
        <test-method signature="subtractTest(int,int,int)[pri:0, instance:com.epam.tc.hw1.SubtractCalculatorTest@3c87521]" started-at="2021-10-17T21:51:24 MSK" name="subtractTest" data-provider="subtractDataProvider" finished-at="2021-10-17T21:51:24 MSK" duration-ms="0" status="PASS">
          <params>
            <param index="0">
              <value>
                <![CDATA[53]]>
              </value>
            </param>
            <param index="1">
              <value>
                <![CDATA[15]]>
              </value>
            </param>
            <param index="2">
              <value>
                <![CDATA[38]]>
              </value>
            </param>
          </params>
          <reporter-output>
          </reporter-output>
        </test-method> <!-- subtractTest -->
      </class> <!-- com.epam.tc.hw1.SubtractCalculatorTest -->
    </test> <!-- Subtract Calculator Test -->
  </suite> <!-- Sum and Subtract Calculator Test Suite -->
</testng-results>
