<?xml version="1.0" encoding="UTF-8"?>
<testsuite xmlns:xsi="http://www.w3.org/2001/XMLSchema-instance" xsi:noNamespaceSchemaLocation="https://maven.apache.org/surefire/maven-surefire-plugin/xsd/surefire-test-report-3.0.xsd" version="3.0" name="TestSuite" time="0.302" tests="8" errors="0" skipped="0" failures="0">
  <properties>
[...]
</properties>
  <testcase name="sumTest[23, 2, 25](1)" classname="com.epam.tc.hw1.SumCalculatorTest" time="0.03"/>
  <testcase name="sumTest[89, 10, 99](2)" classname="com.epam.tc.hw1.SumCalculatorTest" time="0"/>
  <testcase name="sumTest[12, 90, 102](3)" classname="com.epam.tc.hw1.SumCalculatorTest" time="0"/>
  <testcase name="sumTest[12, 67, 79](4)" classname="com.epam.tc.hw1.SumCalculatorTest" time="0"/>
  <testcase name="subtractTest[5, 2, 3](1)" classname="com.epam.tc.hw1.SubtractCalculatorTest" time="0"/>
  <testcase name="subtractTest[11, 10, 1](2)" classname="com.epam.tc.hw1.SubtractCalculatorTest" time="0"/>
  <testcase name="subtractTest[27, 9, 18](3)" classname="com.epam.tc.hw1.SubtractCalculatorTest" time="0"/>
  <testcase name="subtractTest[53, 15, 38](4)" classname="com.epam.tc.hw1.SubtractCalculatorTest" time="0"/>
</testsuite>